<?xml version="1.0" encoding="UTF-8"?>
<testng-results ignored="0" total="1" passed="1" failed="0" skipped="0">
  <reporter-output>
  </reporter-output>
  <suite started-at="2021-08-03T18:32:34 IST" name="Default suite" finished-at="2021-08-03T18:32:34 IST" duration-ms="49">
    <groups>
    </groups>
    <test started-at="2021-08-03T18:32:34 IST" name="Default test" finished-at="2021-08-03T18:32:34 IST" duration-ms="49">
      <class name="com.DemoTest.ParaMetersTest">
        <test-method signature="params()[pri:0, instance:com.DemoTest.ParaMetersTest@77eca502]" started-at="2021-08-03T18:32:34 IST" name="params" finished-at="2021-08-03T18:32:34 IST" duration-ms="10" status="PASS">
          <reporter-output>
          </reporter-output>
        </test-method> <!-- params -->
      </class> <!-- com.DemoTest.ParaMetersTest -->
    </test> <!-- Default test -->
  </suite> <!-- Default suite -->
</testng-results>
